01-04-2025 10:42:13 - INFO - Logging system initialized. Environment: development
01-04-2025 10:42:13 - INFO - Initializing backtest runner
01-04-2025 10:42:13 - INFO - Output directory: /Users/dmartinsen/pers-prog/ai-trading-v3/backtest_results
01-04-2025 10:42:13 - INFO - Loaded configuration from config/indicator_strategy_config.json
01-04-2025 10:42:13 - INFO - Running backtest from configuration: config/indicator_strategy_config.json
01-04-2025 10:42:13 - INFO - Initializing IndicatorCrossoverStrategy with indicators: ema_200 and sma_50
01-04-2025 10:42:13 - INFO - Loaded strategy: IndicatorCrossoverStrategy
01-04-2025 10:42:13 - INFO - Loading processed data from data/storage/capital_com/processed/processed_GBPUSD_m5_20240101_20250101.csv
01-04-2025 10:42:13 - INFO - Loaded 802 data points from processed data
01-04-2025 10:42:13 - INFO - Filtered GBPUSD data to 802 points with common dates
01-04-2025 10:42:13 - INFO - Created backtest: indicator_crossover_gbpusd
01-04-2025 10:42:13 - INFO - Running backtest: indicator_crossover_gbpusd
01-04-2025 10:42:13 - INFO - Initializing backtester with 10000.0 initial capital
01-04-2025 10:42:13 - INFO - Running backtest: indicator_crossover_gbpusd
01-04-2025 10:42:13 - INFO - Reset market data iterator
01-04-2025 10:42:13 - INFO - Starting backtest with IndicatorCrossoverStrategy
01-04-2025 10:42:13 - INFO - Initial capital: 10000.0
01-04-2025 10:42:13 - INFO - Market data: 1 symbols, 4 data points
01-04-2025 10:42:13 - INFO - Starting backtest with IndicatorCrossoverStrategy
01-04-2025 10:42:13 - INFO - Generated signal: SIGNAL: BUY GBPUSD (strength: 1.0) from IndicatorCrossoverStrategy
01-04-2025 10:42:13 - INFO - Using close_raw price for GBPUSD: 1.26367
01-04-2025 10:42:13 - INFO - Order executed: ORDER: BUY 1.0 GBPUSD (MARKET) -> FILL: BUY 1.0 GBPUSD @ 1.26367
01-04-2025 10:42:13 - INFO - Opened new position: OPEN LONG 1.0 GBPUSD @ 1.26367
01-04-2025 10:42:13 - INFO - Processed fill: FILL: BUY 1.0 GBPUSD @ 1.26367
01-04-2025 10:42:13 - INFO - Generated signal: SIGNAL: REVERSE GBPUSD (strength: 1.0) from IndicatorCrossoverStrategy
01-04-2025 10:42:13 - INFO - Using close_raw price for GBPUSD: 1.26723
01-04-2025 10:42:13 - INFO - Order executed: ORDER: SELL 1.0 GBPUSD (MARKET) -> FILL: SELL 1.0 GBPUSD @ 1.26723
01-04-2025 10:42:13 - INFO - Closed position: GBPUSD, PnL: 0.0035600000000000076
01-04-2025 10:42:13 - INFO - Processed fill: FILL: SELL 1.0 GBPUSD @ 1.26723
01-04-2025 10:42:13 - INFO - Generated signal: SIGNAL: REVERSE GBPUSD (strength: 1.0) from IndicatorCrossoverStrategy
01-04-2025 10:42:13 - INFO - Using close_raw price for GBPUSD: 1.26818
01-04-2025 10:42:13 - INFO - Order executed: ORDER: BUY 1.0 GBPUSD (MARKET) -> FILL: BUY 1.0 GBPUSD @ 1.26818
01-04-2025 10:42:13 - INFO - Opened new position: OPEN LONG 1.0 GBPUSD @ 1.26818
01-04-2025 10:42:13 - INFO - Processed fill: FILL: BUY 1.0 GBPUSD @ 1.26818
01-04-2025 10:42:13 - INFO - Completed backtest with IndicatorCrossoverStrategy
01-04-2025 10:42:13 - INFO - Generated 3 signals
01-04-2025 10:42:13 - INFO - Calculating performance metrics
01-04-2025 10:42:13 - INFO - Backtest completed for IndicatorCrossoverStrategy
01-04-2025 10:42:13 - INFO - Final equity: 10000.00 (Return: 0.00%)
01-04-2025 10:42:13 - INFO - Total trades: 1
01-04-2025 10:42:13 - INFO - Backtest completed in 0.01 seconds
01-04-2025 10:42:13 - INFO - Plotting equity curve
01-04-2025 10:42:14 - INFO - Saved figure to /Users/dmartinsen/pers-prog/ai-trading-v3/backtest_results/indicator_crossover_gbpusd/reports/equity_curve.png
01-04-2025 10:42:14 - INFO - Plotting top 5 drawdowns
01-04-2025 10:42:14 - INFO - Saved figure to /Users/dmartinsen/pers-prog/ai-trading-v3/backtest_results/indicator_crossover_gbpusd/reports/drawdowns.png
01-04-2025 10:42:14 - INFO - Plotting monthly returns heatmap
01-04-2025 10:42:14 - INFO - Saved figure to /Users/dmartinsen/pers-prog/ai-trading-v3/backtest_results/indicator_crossover_gbpusd/reports/monthly_returns.png
01-04-2025 10:42:14 - INFO - Plotting D return distribution
01-04-2025 10:42:15 - INFO - Saved figure to /Users/dmartinsen/pers-prog/ai-trading-v3/backtest_results/indicator_crossover_gbpusd/reports/return_distribution.png
01-04-2025 10:42:15 - INFO - Plotting trade analysis
01-04-2025 10:42:15 - INFO - Using categorical units to plot a list of strings that are all parsable as floats or dates. If these strings should be plotted as numbers, cast to the appropriate data type before plotting.
01-04-2025 10:42:15 - INFO - Using categorical units to plot a list of strings that are all parsable as floats or dates. If these strings should be plotted as numbers, cast to the appropriate data type before plotting.
01-04-2025 10:42:15 - INFO - Saved figure to /Users/dmartinsen/pers-prog/ai-trading-v3/backtest_results/indicator_crossover_gbpusd/reports/trade_analysis.png
01-04-2025 10:42:15 - INFO - Creating performance dashboard
01-04-2025 10:42:16 - INFO - Saved figure to /Users/dmartinsen/pers-prog/ai-trading-v3/backtest_results/indicator_crossover_gbpusd/reports/performance_dashboard.png
01-04-2025 10:42:16 - INFO - Generated performance reports for indicator_crossover_gbpusd
01-04-2025 10:42:16 - INFO - Saved results for indicator_crossover_gbpusd
01-04-2025 10:42:16 - INFO - Backtest completed. Results saved to /Users/dmartinsen/pers-prog/ai-trading-v3/backtest_results/indicator_crossover_gbpusd
