01-04-2025 09:06:36 - INFO - Logging system initialized. Environment: development
01-04-2025 09:06:36 - INFO - Initializing backtest runner
01-04-2025 09:06:36 - INFO - Output directory: /Users/dmartinsen/pers-prog/ai-trading-v3/backtest_results
01-04-2025 09:06:36 - INFO - Loaded configuration from config/indicator_strategy_config.json
01-04-2025 09:06:36 - INFO - Running backtest from configuration: config/indicator_strategy_config.json
01-04-2025 09:06:36 - INFO - Initializing IndicatorCrossoverStrategy with indicators: ema_200 and sma_50
01-04-2025 09:06:36 - INFO - Loaded strategy: IndicatorCrossoverStrategy
01-04-2025 09:06:36 - INFO - Loading processed data from data/storage/capital_com/processed/processed_GBPUSD_m5_20240101_20250101.csv
01-04-2025 09:06:36 - INFO - Loaded 74693 data points from processed data
01-04-2025 09:06:36 - INFO - Filtered GBPUSD data to 74693 points with common dates
01-04-2025 09:06:36 - INFO - Created backtest: indicator_crossover_gbpusd
01-04-2025 09:06:36 - INFO - Running backtest: indicator_crossover_gbpusd
01-04-2025 09:06:36 - INFO - Initializing backtester with 10000.0 initial capital
01-04-2025 09:06:36 - INFO - Running backtest: indicator_crossover_gbpusd
01-04-2025 09:06:36 - INFO - Reset market data iterator
01-04-2025 09:06:36 - INFO - Starting backtest with IndicatorCrossoverStrategy
01-04-2025 09:06:36 - INFO - Initial capital: 10000.0
01-04-2025 09:06:36 - INFO - Market data: 1 symbols, 313 data points
01-04-2025 09:06:36 - INFO - Starting backtest with IndicatorCrossoverStrategy
01-04-2025 09:06:36 - INFO - Generated signal: SIGNAL: BUY GBPUSD (strength: 1.0) from IndicatorCrossoverStrategy
01-04-2025 09:06:36 - WARNING - Invalid negative price: -0.7454302695879035 for GBPUSD, using 1.27 as fallback
01-04-2025 09:06:36 - INFO - Order executed: ORDER: BUY 1.0 GBPUSD (MARKET) -> FILL: BUY 1.0 GBPUSD @ 1.27
01-04-2025 09:06:36 - INFO - Opened new position: OPEN LONG 1.0 GBPUSD @ 1.27
01-04-2025 09:06:36 - INFO - Processed fill: FILL: BUY 1.0 GBPUSD @ 1.27
01-04-2025 09:06:36 - INFO - Generated signal: SIGNAL: REVERSE GBPUSD (strength: 1.0) from IndicatorCrossoverStrategy
01-04-2025 09:06:36 - WARNING - Invalid negative price: -0.5101586203880838 for GBPUSD, using 1.27 as fallback
01-04-2025 09:06:36 - INFO - Order executed: ORDER: SELL 1.0 GBPUSD (MARKET) -> FILL: SELL 1.0 GBPUSD @ 1.27
01-04-2025 09:06:36 - INFO - Closed position: GBPUSD, PnL: 0.0
01-04-2025 09:06:36 - INFO - Processed fill: FILL: SELL 1.0 GBPUSD @ 1.27
01-04-2025 09:06:36 - INFO - Generated signal: SIGNAL: REVERSE GBPUSD (strength: 1.0) from IndicatorCrossoverStrategy
01-04-2025 09:06:36 - WARNING - Invalid negative price: -0.3165689562827261 for GBPUSD, using 1.27 as fallback
01-04-2025 09:06:36 - INFO - Order executed: ORDER: BUY 1.0 GBPUSD (MARKET) -> FILL: BUY 1.0 GBPUSD @ 1.27
01-04-2025 09:06:36 - INFO - Opened new position: OPEN LONG 1.0 GBPUSD @ 1.27
01-04-2025 09:06:36 - INFO - Processed fill: FILL: BUY 1.0 GBPUSD @ 1.27
01-04-2025 09:06:36 - INFO - Generated signal: SIGNAL: REVERSE GBPUSD (strength: 1.0) from IndicatorCrossoverStrategy
...
01-04-2025 09:06:39 - INFO - Generated signal: SIGNAL: REVERSE GBPUSD (strength: 1.0) from IndicatorCrossoverStrategy
01-04-2025 09:06:39 - WARNING - Invalid negative price: -1.1613238541970456 for GBPUSD, using 1.27 as fallback
01-04-2025 09:06:39 - INFO - Order executed: ORDER: BUY 1.0 GBPUSD (MARKET) -> FILL: BUY 1.0 GBPUSD @ 1.27
01-04-2025 09:06:39 - INFO - Opened new position: OPEN LONG 1.0 GBPUSD @ 1.27
01-04-2025 09:06:39 - INFO - Processed fill: FILL: BUY 1.0 GBPUSD @ 1.27
01-04-2025 09:06:39 - INFO - Generated signal: SIGNAL: REVERSE GBPUSD (strength: 1.0) from IndicatorCrossoverStrategy
01-04-2025 09:06:39 - WARNING - Invalid negative price: -1.1001902760584998 for GBPUSD, using 1.27 as fallback
01-04-2025 09:06:39 - INFO - Order executed: ORDER: SELL 1.0 GBPUSD (MARKET) -> FILL: SELL 1.0 GBPUSD @ 1.27
01-04-2025 09:06:39 - INFO - Closed position: GBPUSD, PnL: 0.0
01-04-2025 09:06:39 - INFO - Processed fill: FILL: SELL 1.0 GBPUSD @ 1.27
01-04-2025 09:06:39 - INFO - Generated signal: SIGNAL: REVERSE GBPUSD (strength: 1.0) from IndicatorCrossoverStrategy
01-04-2025 09:06:39 - WARNING - Invalid negative price: -1.0918538790396155 for GBPUSD, using 1.27 as fallback
01-04-2025 09:06:39 - INFO - Order executed: ORDER: BUY 1.0 GBPUSD (MARKET) -> FILL: BUY 1.0 GBPUSD @ 1.27
01-04-2025 09:06:39 - INFO - Opened new position: OPEN LONG 1.0 GBPUSD @ 1.27
01-04-2025 09:06:39 - INFO - Processed fill: FILL: BUY 1.0 GBPUSD @ 1.27
01-04-2025 09:06:39 - INFO - Completed backtest with IndicatorCrossoverStrategy
01-04-2025 09:06:39 - INFO - Generated 127 signals
01-04-2025 09:06:39 - INFO - Calculating performance metrics
01-04-2025 09:06:39 - INFO - Backtest completed for IndicatorCrossoverStrategy
01-04-2025 09:06:39 - INFO - Final equity: 9999.98 (Return: -0.00%)
01-04-2025 09:06:39 - INFO - Total trades: 63
01-04-2025 09:06:39 - INFO - Backtest completed in 2.78 seconds
01-04-2025 09:06:39 - INFO - Plotting equity curve
01-04-2025 09:06:40 - INFO - Saved figure to /Users/dmartinsen/pers-prog/ai-trading-v3/backtest_results/indicator_crossover_gbpusd/reports/equity_curve.png
01-04-2025 09:06:40 - INFO - Plotting top 5 drawdowns
01-04-2025 09:06:40 - INFO - Saved figure to /Users/dmartinsen/pers-prog/ai-trading-v3/backtest_results/indicator_crossover_gbpusd/reports/drawdowns.png
01-04-2025 09:06:40 - INFO - Plotting monthly returns heatmap
01-04-2025 09:06:40 - INFO - Saved figure to /Users/dmartinsen/pers-prog/ai-trading-v3/backtest_results/indicator_crossover_gbpusd/reports/monthly_returns.png
01-04-2025 09:06:40 - INFO - Plotting D return distribution
01-04-2025 09:06:41 - INFO - Saved figure to /Users/dmartinsen/pers-prog/ai-trading-v3/backtest_results/indicator_crossover_gbpusd/reports/return_distribution.png
01-04-2025 09:06:41 - INFO - Plotting trade analysis
01-04-2025 09:06:41 - INFO - Using categorical units to plot a list of strings that are all parsable as floats or dates. If these strings should be plotted as numbers, cast to the appropriate data type before plotting.
01-04-2025 09:06:41 - INFO - Using categorical units to plot a list of strings that are all parsable as floats or dates. If these strings should be plotted as numbers, cast to the appropriate data type before plotting.
01-04-2025 09:06:41 - INFO - Saved figure to /Users/dmartinsen/pers-prog/ai-trading-v3/backtest_results/indicator_crossover_gbpusd/reports/trade_analysis.png
01-04-2025 09:06:41 - INFO - Creating performance dashboard
01-04-2025 09:06:42 - INFO - Saved figure to /Users/dmartinsen/pers-prog/ai-trading-v3/backtest_results/indicator_crossover_gbpusd/reports/performance_dashboard.png
01-04-2025 09:06:42 - INFO - Generated performance reports for indicator_crossover_gbpusd
01-04-2025 09:06:42 - INFO - Saved results for indicator_crossover_gbpusd
01-04-2025 09:06:42 - INFO - Backtest completed. Results saved to /Users/dmartinsen/pers-prog/ai-trading-v3/backtest_results/indicator_crossover_gbpusd
